<?xml version="1.0" encoding="UTF-8"?>
<testsuite name="com.example.longevitySync.LongevitySyncApplicationTests" tests="1" skipped="1" failures="0" errors="0" timestamp="2024-11-14T21:06:54" hostname="MOUSUMI" time="0.0">
  <properties/>
  <testcase name="contextLoads()" classname="com.example.longevitySync.LongevitySyncApplicationTests" time="0.0">
    <skipped/>
  </testcase>
  <system-out><![CDATA[]]></system-out>
  <system-err><![CDATA[]]></system-err>
</testsuite>
